{"name": "test_checkout_flow", "status": "broken", "statusDetails": {"message": "selenium.common.exceptions.TimeoutException: Message: \nStacktrace:\nSymbols not available. Dumping unresolved backtrace:\n\t0x7ff70bca4325\n\t0x7ff70bca4380\n\t0x7ff70ba3d49d\n\t0x7ff70ba982fe\n\t0x7ff70ba9860c\n\t0x7ff70bae8b67\n\t0x7ff70bae5728\n\t0x7ff70ba88e38\n\t0x7ff70ba89d23\n\t0x7ff70bf73090\n\t0x7ff70bf6d918\n\t0x7ff70bf8dc8a\n\t0x7ff70bcc06d5\n\t0x7ff70bcc967c\n\t0x7ff70bcad684\n\t0x7ff70bcad836\n\t0x7ff70bc93347\n\t0x7ffe8e29e8d7\n\t0x7ffe8fe4c53c", "trace": "driver = <selenium.webdriver.chrome.webdriver.WebDriver (session=\"426cef7663839e59859779f5316a09c0\")>\n\n    def test_checkout_flow(driver):\n        login = LoginPage(driver)\n        login.load()\n        inventory = login.login_as(config.STANDARD_USER, config.STANDARD_PASSWORD)\n        assert inventory.is_loaded()\n    \n        inventory.add_item(\"sauce-labs-backpack\")\n        cart = inventory.open_cart()\n        assert cart.has_item_named(\"Sauce Labs Backpack\")\n    \n        checkout = cart.checkout()\n>       checkout.fill_info(\"Test\", \"User\", \"12345\")\n\ntests\\test_checkout_flow.py:16: \n_ _ _ _ _ _ _ _ _ _ _ _ _ _ _ _ _ _ _ _ _ _ _ _ _ _ _ _ _ _ _ _ _ _ _ _ _ _ _ _\npages\\checkout_page.py:15: in fill_info\n    self.type(self.FIRST_NAME, first_name)\npages\\base_page.py:23: in type\n    element = self.find(locator)\npages\\base_page.py:17: in find\n    return self.wait.until(EC.presence_of_element_located(locator))\n_ _ _ _ _ _ _ _ _ _ _ _ _ _ _ _ _ _ _ _ _ _ _ _ _ _ _ _ _ _ _ _ _ _ _ _ _ _ _ _\n\nself = <selenium.webdriver.support.wait.WebDriverWait (session=\"426cef7663839e59859779f5316a09c0\")>\nmethod = <function presence_of_element_located.<locals>._predicate at 0x00000204E6BFACF0>\nmessage = ''\n\n    def until(self, method: Callable[[D], Union[Literal[False], T]], message: str = \"\") -> T:\n        \"\"\"Calls the method provided with the driver as an argument until the \\\n        return value does not evaluate to ``False``.\n    \n        :param method: callable(WebDriver)\n        :param message: optional message for :exc:`TimeoutException`\n        :returns: the result of the last call to `method`\n        :raises: :exc:`selenium.common.exceptions.TimeoutException` if timeout occurs\n        \"\"\"\n        screen = None\n        stacktrace = None\n    \n        end_time = time.monotonic() + self._timeout\n        while True:\n            try:\n                value = method(self._driver)\n                if value:\n                    return value\n            except self._ignored_exceptions as exc:\n                screen = getattr(exc, \"screen\", None)\n                stacktrace = getattr(exc, \"stacktrace\", None)\n            if time.monotonic() > end_time:\n                break\n            time.sleep(self._poll)\n>       raise TimeoutException(message, screen, stacktrace)\nE       selenium.common.exceptions.TimeoutException: Message: \nE       Stacktrace:\nE       Symbols not available. Dumping unresolved backtrace:\nE       \t0x7ff70bca4325\nE       \t0x7ff70bca4380\nE       \t0x7ff70ba3d49d\nE       \t0x7ff70ba982fe\nE       \t0x7ff70ba9860c\nE       \t0x7ff70bae8b67\nE       \t0x7ff70bae5728\nE       \t0x7ff70ba88e38\nE       \t0x7ff70ba89d23\nE       \t0x7ff70bf73090\nE       \t0x7ff70bf6d918\nE       \t0x7ff70bf8dc8a\nE       \t0x7ff70bcc06d5\nE       \t0x7ff70bcc967c\nE       \t0x7ff70bcad684\nE       \t0x7ff70bcad836\nE       \t0x7ff70bc93347\nE       \t0x7ffe8e29e8d7\nE       \t0x7ffe8fe4c53c\n\n.venv\\Lib\\site-packages\\selenium\\webdriver\\support\\wait.py:105: TimeoutException"}, "attachments": [{"name": "tests_test_checkout_flow.py_test_checkout_flow", "source": "1a8c6796-a1b3-43c2-b205-70933bcd4bc3-attachment.png", "type": "image/png"}], "start": 1770894001908, "stop": 1770894016092, "uuid": "35898c96-f40b-4be6-acd2-b4fa5ee002ff", "historyId": "23f63fd99927c8eb0300d30df0991842", "testCaseId": "23f63fd99927c8eb0300d30df0991842", "fullName": "tests.test_checkout_flow#test_checkout_flow", "labels": [{"name": "parentSuite", "value": "tests"}, {"name": "suite", "value": "test_checkout_flow"}, {"name": "host", "value": "LE001428"}, {"name": "thread", "value": "2008-MainThread"}, {"name": "framework", "value": "pytest"}, {"name": "language", "value": "cpython3"}, {"name": "package", "value": "tests.test_checkout_flow"}]}