{"name": "test_checkout_flow", "status": "broken", "statusDetails": {"message": "selenium.common.exceptions.TimeoutException: Message: \nStacktrace:\nSymbols not available. Dumping unresolved backtrace:\n\t0x7ff7db024325\n\t0x7ff7db024380\n\t0x7ff7dadbd49d\n\t0x7ff7dae182fe\n\t0x7ff7dae1860c\n\t0x7ff7dae68b67\n\t0x7ff7dae65728\n\t0x7ff7dae08e38\n\t0x7ff7dae09d23\n\t0x7ff7db2f3090\n\t0x7ff7db2ed918\n\t0x7ff7db30dc8a\n\t0x7ff7db0406d5\n\t0x7ff7db04967c\n\t0x7ff7db02d684\n\t0x7ff7db02d836\n\t0x7ff7db013347\n\t0x7ffe8e29e8d7\n\t0x7ffe8fe4c53c", "trace": "driver = <selenium.webdriver.chrome.webdriver.WebDriver (session=\"9ce14c3befda2507882f741574ce5b14\")>\n\n    def test_checkout_flow(driver):\n        login = LoginPage(driver)\n        login.load()\n        inventory = login.login_as(config.STANDARD_USER, config.STANDARD_PASSWORD)\n>       assert inventory.is_loaded()\n\ntests\\test_checkout_flow.py:9: \n_ _ _ _ _ _ _ _ _ _ _ _ _ _ _ _ _ _ _ _ _ _ _ _ _ _ _ _ _ _ _ _ _ _ _ _ _ _ _ _\npages\\inventory_page.py:11: in is_loaded\n    return self.text_of(self.TITLE) == \"Products\"\npages\\base_page.py:28: in text_of\n    return self.wait.until(EC.visibility_of_element_located(locator)).text\n_ _ _ _ _ _ _ _ _ _ _ _ _ _ _ _ _ _ _ _ _ _ _ _ _ _ _ _ _ _ _ _ _ _ _ _ _ _ _ _\n\nself = <selenium.webdriver.support.wait.WebDriverWait (session=\"9ce14c3befda2507882f741574ce5b14\")>\nmethod = <function visibility_of_element_located.<locals>._predicate at 0x000002A777028F60>\nmessage = ''\n\n    def until(self, method: Callable[[D], Union[Literal[False], T]], message: str = \"\") -> T:\n        \"\"\"Calls the method provided with the driver as an argument until the \\\n        return value does not evaluate to ``False``.\n    \n        :param method: callable(WebDriver)\n        :param message: optional message for :exc:`TimeoutException`\n        :returns: the result of the last call to `method`\n        :raises: :exc:`selenium.common.exceptions.TimeoutException` if timeout occurs\n        \"\"\"\n        screen = None\n        stacktrace = None\n    \n        end_time = time.monotonic() + self._timeout\n        while True:\n            try:\n                value = method(self._driver)\n                if value:\n                    return value\n            except self._ignored_exceptions as exc:\n                screen = getattr(exc, \"screen\", None)\n                stacktrace = getattr(exc, \"stacktrace\", None)\n            if time.monotonic() > end_time:\n                break\n            time.sleep(self._poll)\n>       raise TimeoutException(message, screen, stacktrace)\nE       selenium.common.exceptions.TimeoutException: Message: \nE       Stacktrace:\nE       Symbols not available. Dumping unresolved backtrace:\nE       \t0x7ff7db024325\nE       \t0x7ff7db024380\nE       \t0x7ff7dadbd49d\nE       \t0x7ff7dae182fe\nE       \t0x7ff7dae1860c\nE       \t0x7ff7dae68b67\nE       \t0x7ff7dae65728\nE       \t0x7ff7dae08e38\nE       \t0x7ff7dae09d23\nE       \t0x7ff7db2f3090\nE       \t0x7ff7db2ed918\nE       \t0x7ff7db30dc8a\nE       \t0x7ff7db0406d5\nE       \t0x7ff7db04967c\nE       \t0x7ff7db02d684\nE       \t0x7ff7db02d836\nE       \t0x7ff7db013347\nE       \t0x7ffe8e29e8d7\nE       \t0x7ffe8fe4c53c\n\n.venv\\Lib\\site-packages\\selenium\\webdriver\\support\\wait.py:105: TimeoutException"}, "attachments": [{"name": "tests_test_checkout_flow.py_test_checkout_flow", "source": "2f917b8c-ff73-407d-a614-fae4edf1c1dd-attachment.png", "type": "image/png"}], "start": 1770820511698, "stop": 1770820523155, "uuid": "8babdee0-3976-459a-9f00-c20391711de3", "historyId": "23f63fd99927c8eb0300d30df0991842", "testCaseId": "23f63fd99927c8eb0300d30df0991842", "fullName": "tests.test_checkout_flow#test_checkout_flow", "labels": [{"name": "parentSuite", "value": "tests"}, {"name": "suite", "value": "test_checkout_flow"}, {"name": "host", "value": "LE001428"}, {"name": "thread", "value": "16032-MainThread"}, {"name": "framework", "value": "pytest"}, {"name": "language", "value": "cpython3"}, {"name": "package", "value": "tests.test_checkout_flow"}]}